2019-06-01 11:22:52,607:dataset.py:build:225: INFO - build dataset...
2019-06-01 11:22:52,607:dataset.py:_create_vocab:123: INFO - 	create vocab ...
2019-06-01 11:22:52,607:dataset.py:_create_vocab:131: INFO - 		processing 0
2019-06-01 11:22:55,107:dataset.py:_create_vocab:131: INFO - 		processing 1000
2019-06-01 11:22:56,858:dataset.py:_create_vocab:131: INFO - 		processing 2000
2019-06-01 11:22:58,530:dataset.py:_create_vocab:131: INFO - 		processing 3000
2019-06-01 11:23:00,236:dataset.py:_create_vocab:131: INFO - 		processing 4000
2019-06-01 11:23:01,658:dataset.py:_create_vocab:131: INFO - 		processing 5000
2019-06-01 11:23:03,314:dataset.py:_create_vocab:131: INFO - 		processing 6000
2019-06-01 11:23:04,955:dataset.py:_create_vocab:131: INFO - 		processing 7000
2019-06-01 11:23:06,689:dataset.py:_create_vocab:131: INFO - 		processing 8000
2019-06-01 11:23:08,393:dataset.py:_create_vocab:131: INFO - 		processing 9000
2019-06-01 11:23:10,033:dataset.py:_create_vocab:158: INFO - 	 create vocab finished! cost:17.426330
2019-06-01 11:23:10,033:dataset.py:_create_trainset:167: INFO - 	create trainset...
2019-06-01 11:23:10,033:dataset.py:__init__:75: INFO - max_sent_len:300, vocab_size:2730
2019-06-01 11:24:40,070:dataset.py:build:225: INFO - build dataset...
2019-06-01 11:24:40,070:dataset.py:_create_trainset:167: INFO - 	create trainset...
2019-06-01 11:24:40,070:dataset.py:__init__:75: INFO - max_sent_len:300, vocab_size:2730
2019-06-01 11:25:52,102:dataset.py:build:225: INFO - build dataset...
2019-06-01 11:25:52,102:dataset.py:_create_trainset:167: INFO - 	create trainset...
2019-06-01 11:25:52,102:dataset.py:__init__:75: INFO - max_sent_len:300, vocab_size:2730
2019-06-01 11:26:13,645:dataset.py:build:225: INFO - build dataset...
2019-06-01 11:26:13,645:dataset.py:_create_trainset:167: INFO - 	create trainset...
2019-06-01 11:26:13,661:dataset.py:__init__:75: INFO - max_sent_len:300, vocab_size:2730
2019-06-01 11:26:58,369:dataset.py:build:225: INFO - build dataset...
2019-06-01 11:26:58,369:dataset.py:_create_trainset:167: INFO - 	create trainset...
2019-06-01 11:26:58,369:dataset.py:__init__:75: INFO - max_sent_len:300, vocab_size:2730
2019-06-01 11:27:09,277:dataset.py:_create_trainset:213: INFO - 	create trainset finished! cost:10.908520
2019-06-01 11:27:09,339:dataset.py:build:265: INFO - build cost:10.970354
2019-06-01 11:27:09,339:dataset.py:__init__:275: INFO - train num:9000, test num:999
2019-06-01 11:27:09,386:TextCnn.py:__init__:128: INFO - Created model with fresh parameters.
2019-06-01 11:27:24,700:TextCnn.py:train:246: INFO - epoch-1 step-10 batch-10 - loss: 0.6014  acc: 71.00% 92/128
2019-06-01 11:27:41,171:TextCnn.py:train:246: INFO - epoch-1 step-20 batch-20 - loss: 0.4879  acc: 83.00% 107/128
2019-06-01 11:27:57,501:TextCnn.py:train:246: INFO - epoch-1 step-30 batch-30 - loss: 0.3991  acc: 82.00% 105/128
